Starting Nmap 7.80 ( https://nmap.org ) at 2024-03-28 05:57 UTC
Nmap scan report for ip-10-0-0-2.ap-northeast-2.compute.internal (10.0.0.2)
Host is up (0.00018s latency).
Not shown: 99 filtered ports
Some closed ports may be reported as filtered due to --defeat-rst-ratelimit
PORT   STATE SERVICE
53/tcp open  domain

Nmap scan report for ip-10-0-10-144.ap-northeast-2.compute.internal (10.0.10.144)
Host is up (0.00035s latency).
Not shown: 98 filtered ports
Some closed ports may be reported as filtered due to --defeat-rst-ratelimit
PORT    STATE SERVICE
80/tcp  open  http
443/tcp open  https

Nmap scan report for ip-10-0-10-156.ap-northeast-2.compute.internal (10.0.10.156)
Host is up (0.00049s latency).
Not shown: 99 filtered ports
Some closed ports may be reported as filtered due to --defeat-rst-ratelimit
PORT   STATE SERVICE
22/tcp open  ssh

Nmap scan report for ip-10-0-10-182.ap-northeast-2.compute.internal (10.0.10.182)
Host is up (0.00024s latency).
Not shown: 98 filtered ports
Some closed ports may be reported as filtered due to --defeat-rst-ratelimit
PORT    STATE SERVICE
80/tcp  open  http
443/tcp open  https

Nmap scan report for ip-10-0-11-119.ap-northeast-2.compute.internal (10.0.11.119)
Host is up (0.0013s latency).
Not shown: 98 filtered ports
Some closed ports may be reported as filtered due to --defeat-rst-ratelimit
PORT    STATE SERVICE
80/tcp  open  http
443/tcp open  https

Nmap scan report for ip-10-0-11-220.ap-northeast-2.compute.internal (10.0.11.220)
Host is up (0.0012s latency).
Not shown: 98 filtered ports
Some closed ports may be reported as filtered due to --defeat-rst-ratelimit
PORT    STATE SERVICE
80/tcp  open  http
443/tcp open  https

RTTVAR has grown to over 2.3 seconds, decreasing to 2.0
RTTVAR has grown to over 2.3 seconds, decreasing to 2.0
RTTVAR has grown to over 2.3 seconds, decreasing to 2.0
RTTVAR has grown to over 2.3 seconds, decreasing to 2.0
RTTVAR has grown to over 2.3 seconds, decreasing to 2.0
RTTVAR has grown to over 2.3 seconds, decreasing to 2.0
RTTVAR has grown to over 2.3 seconds, decreasing to 2.0
RTTVAR has grown to over 2.3 seconds, decreasing to 2.0
RTTVAR has grown to over 2.3 seconds, decreasing to 2.0
RTTVAR has grown to over 2.3 seconds, decreasing to 2.0
RTTVAR has grown to over 2.3 seconds, decreasing to 2.0
RTTVAR has grown to over 2.3 seconds, decreasing to 2.0
RTTVAR has grown to over 2.3 seconds, decreasing to 2.0
RTTVAR has grown to over 2.3 seconds, decreasing to 2.0
RTTVAR has grown to over 2.3 seconds, decreasing to 2.0
RTTVAR has grown to over 2.3 seconds, decreasing to 2.0
RTTVAR has grown to over 2.3 seconds, decreasing to 2.0
RTTVAR has grown to over 2.3 seconds, decreasing to 2.0
RTTVAR has grown to over 2.3 seconds, decreasing to 2.0
RTTVAR has grown to over 2.3 seconds, decreasing to 2.0
RTTVAR has grown to over 2.3 seconds, decreasing to 2.0
RTTVAR has grown to over 2.3 seconds, decreasing to 2.0
RTTVAR has grown to over 2.3 seconds, decreasing to 2.0
RTTVAR has grown to over 2.3 seconds, decreasing to 2.0
RTTVAR has grown to over 2.3 seconds, decreasing to 2.0
RTTVAR has grown to over 2.3 seconds, decreasing to 2.0
RTTVAR has grown to over 2.3 seconds, decreasing to 2.0
RTTVAR has grown to over 2.3 seconds, decreasing to 2.0
RTTVAR has grown to over 2.3 seconds, decreasing to 2.0
RTTVAR has grown to over 2.3 seconds, decreasing to 2.0
RTTVAR has grown to over 2.3 seconds, decreasing to 2.0
RTTVAR has grown to over 2.3 seconds, decreasing to 2.0
RTTVAR has grown to over 2.3 seconds, decreasing to 2.0
RTTVAR has grown to over 2.3 seconds, decreasing to 2.0
RTTVAR has grown to over 2.3 seconds, decreasing to 2.0
RTTVAR has grown to over 2.3 seconds, decreasing to 2.0
RTTVAR has grown to over 2.3 seconds, decreasing to 2.0
RTTVAR has grown to over 2.3 seconds, decreasing to 2.0
RTTVAR has grown to over 2.3 seconds, decreasing to 2.0
RTTVAR has grown to over 2.3 seconds, decreasing to 2.0
RTTVAR has grown to over 2.3 seconds, decreasing to 2.0
RTTVAR has grown to over 2.3 seconds, decreasing to 2.0
RTTVAR has grown to over 2.3 seconds, decreasing to 2.0
RTTVAR has grown to over 2.3 seconds, decreasing to 2.0
RTTVAR has grown to over 2.3 seconds, decreasing to 2.0
Nmap scan report for ip-10-0-20-207.ap-northeast-2.compute.internal (10.0.20.207)
Host is up (0.00020s latency).
Not shown: 97 closed ports
PORT     STATE SERVICE
22/tcp   open  ssh
3000/tcp open  ppp
3389/tcp open  ms-wbt-server

Nmap scan report for ip-10-0-22-223.ap-northeast-2.compute.internal (10.0.22.223)
Host is up (0.0015s latency).
Not shown: 95 filtered ports, 3 closed ports
Some closed ports may be reported as filtered due to --defeat-rst-ratelimit
PORT     STATE SERVICE
22/tcp   open  ssh
3000/tcp open  ppp

Nmap scan report for ip-10-0-30-130.ap-northeast-2.compute.internal (10.0.30.130)
Host is up (0.00043s latency).
Not shown: 99 filtered ports
Some closed ports may be reported as filtered due to --defeat-rst-ratelimit
PORT     STATE SERVICE
3306/tcp open  mysql

Nmap scan report for ip-10-0-40-44.ap-northeast-2.compute.internal (10.0.40.44)
Host is up (0.00063s latency).
Not shown: 98 filtered ports, 1 closed port
Some closed ports may be reported as filtered due to --defeat-rst-ratelimit
PORT   STATE SERVICE
22/tcp open  ssh

